{"level":"error","message":"error","service":"user-service"}
{"level":"error","message":"error","service":"user-service"}
{"level":"error","message":"error","service":"user-service"}
{"level":"error","message":"error","service":"user-service"}
{"level":"error","message":"error","service":"user-service"}
{"level":"error","message":"error","service":"user-service"}
{"level":"error","message":"error unexpected error","service":"app.js"}
{"level":"error","message":"error unexpected error","service":"app.js"}
{"level":"error","message":"error unexpected error","service":"app.js"}
{"level":"error","message":"error unexpected error","service":"app.js"}
{"level":"error","message":"error unexpected error","service":"app.js"}
{"level":"error","message":"error unexpected error","service":"app.js"}
{"level":"error","message":"error unexpected error","service":"app.js"}
{"level":"error","message":"error unexpected error","service":"app.js"}
{"level":"error","message":"error unexpected error","service":"app.js"}
{"level":"error","message":"error unexpected error","service":"app.js"}
{"level":"error","message":"error unexpected error","service":"app.js"}
{"level":"error","message":"error unexpected error","service":"app.js"}
{"level":"error","message":"error unexpected error","service":"app.js"}
{"level":"error","message":"error unexpected error","service":"app.js"}
{"level":"error","message":"error unexpected error","service":"app.js"}
undefined
{"level":"error","message":"error unexpected error","service":"app.js"}
undefined
undefined
undefined
{"level":"error","message":"error unexpected error","service":"app.js","timestamp":"2025-05-17T03:04:20.414Z"}
{"level":"error","message":"error unexpected error","service":"app.js","timestamp":"2025-05-17T03:04:21.860Z"}
{"level":"error","message":"error unexpected error","service":"app.js","timestamp":"2025-05-17T03:06:09.233Z"}
{"level":"error","message":"error unexpected error","service":"app.js","timestamp":"2025-05-17T03:06:44.570Z"}
{"level":"error","message":"error unexpected error","service":"app.js","timestamp":"2025-05-17T03:08:56.718Z"}
{"level":"error","message":"error unexpected error","service":"app.js","timestamp":"2025-05-18T01:50:10.339Z"}
{"level":"error","message":"error unexpected error","service":"app.js","timestamp":"2025-05-18T01:50:43.203Z"}
{"level":"error","message":"error unexpected error","service":"app.js","timestamp":"2025-05-18T01:51:00.095Z"}
{"level":"error","message":"error unexpected error","service":"app.js","timestamp":"2025-05-18T01:51:01.652Z"}
{"level":"error","message":"error unexpected error","service":"app.js","timestamp":"2025-05-18T01:51:11.825Z"}
{"level":"error","message":"error unexpected error","service":"app.js","timestamp":"2025-05-18T01:51:26.368Z"}
{"level":"error","message":"error unexpected error","service":"app.js","timestamp":"2025-05-18T01:51:27.955Z"}
{"level":"error","message":"error unexpected error","service":"app.js","timestamp":"2025-05-18T01:51:31.393Z"}
{"level":"error","message":"error unexpected error","service":"app.js","timestamp":"2025-05-18T01:51:50.924Z"}
{"level":"error","message":"error unexpected error","service":"app.js","timestamp":"2025-05-18T01:52:19.330Z"}
{"level":"error","message":"error unexpected error","service":"app.js","timestamp":"2025-05-18T01:52:51.024Z"}
{"level":"error","message":"error unexpected error","service":"app.js","timestamp":"2025-05-18T01:52:56.305Z"}
{"level":"error","message":"error unexpected error","service":"app.js","timestamp":"2025-05-18T01:53:05.631Z"}
{"level":"error","message":"error unexpected error","service":"app.js","timestamp":"2025-05-18T01:53:18.121Z"}
{"level":"error","message":"error unexpected error","service":"app.js","timestamp":"2025-05-18T01:53:21.269Z"}
{"level":"error","message":"error unexpected error","service":"app.js","timestamp":"2025-05-18T01:53:23.847Z"}
{"level":"error","message":"error unexpected error","service":"app.js","timestamp":"2025-05-18T01:53:51.243Z"}
{"level":"error","message":"error unexpected error","service":"app.js","timestamp":"2025-05-18T01:53:55.205Z"}
{"level":"error","message":"error unexpected error","service":"app.js","timestamp":"2025-05-18T01:53:58.577Z"}
{"level":"error","message":"error unexpected error","service":"app.js","timestamp":"2025-05-18T01:54:25.883Z"}
{"level":"error","message":"error unexpected error","service":"app.js","timestamp":"2025-05-18T01:55:01.982Z"}
{"level":"error","message":"error unexpected error","service":"app.js","timestamp":"2025-05-18T01:55:04.928Z"}
{"level":"error","message":"error unexpected error","service":"app.js","timestamp":"2025-05-18T01:55:07.042Z"}
{"level":"error","message":"error unexpected error","service":"app.js","timestamp":"2025-05-18T01:55:12.388Z"}
{"level":"error","message":"error unexpected error","service":"app.js","timestamp":"2025-05-18T01:55:14.195Z"}
{"level":"error","message":"error unexpected error","service":"app.js","timestamp":"2025-05-18T01:55:15.323Z"}
{"level":"error","message":"error unexpected error","service":"app.js","timestamp":"2025-05-18T01:55:19.410Z"}
{"level":"error","message":"error unexpected error","service":"app.js","timestamp":"2025-05-18T01:55:23.344Z"}
{"level":"error","message":"error unexpected error","service":"app.js","timestamp":"2025-05-18T01:55:39.867Z"}
{"level":"error","message":"error unexpected error","service":"app.js","timestamp":"2025-05-18T01:56:22.775Z"}
{"level":"error","message":"error unexpected error","service":"app.js","timestamp":"2025-05-18T02:02:57.121Z"}
{"level":"error","message":"error unexpected error","service":"app.js","timestamp":"2025-05-18T02:02:58.850Z"}
{"level":"error","message":"error unexpected error","service":"app.js","timestamp":"2025-05-18T02:03:02.023Z"}
{"level":"error","message":"error unexpected error","service":"app.js","timestamp":"2025-05-18T02:03:06.184Z"}
{"level":"error","message":"error unexpected error","service":"app.js","timestamp":"2025-05-18T02:03:15.513Z"}
{"level":"error","message":"error unexpected error","service":"app.js","timestamp":"2025-05-18T02:03:17.458Z"}
{"level":"error","message":"error unexpected error","service":"app.js","timestamp":"2025-05-18T02:03:24.728Z"}
{"level":"error","message":"error unexpected error","service":"app.js","timestamp":"2025-05-18T02:03:28.088Z"}
{"level":"error","message":"error unexpected error","service":"app.js","timestamp":"2025-05-18T02:04:20.079Z"}
{"level":"error","message":"error unexpected error","service":"app.js","timestamp":"2025-05-18T02:04:23.555Z"}
{"level":"error","message":"error unexpected error","service":"app.js","timestamp":"2025-05-18T02:04:43.242Z"}
{"level":"error","message":"error unexpected error","service":"app.js","timestamp":"2025-05-18T02:04:45.240Z"}
{"level":"error","message":"error unexpected error","service":"app.js","timestamp":"2025-05-18T02:04:57.905Z"}
{"level":"error","message":"error unexpected error","service":"app.js","timestamp":"2025-05-18T02:05:02.097Z"}
{"level":"error","message":"error unexpected error","service":"app.js","timestamp":"2025-05-18T02:05:04.946Z"}
{"level":"error","message":"error unexpected error","service":"app.js","timestamp":"2025-05-18T02:05:10.817Z"}
{"level":"error","message":"error unexpected error","service":"app.js","timestamp":"2025-05-18T02:05:22.930Z"}
{"level":"error","message":"error unexpected error","service":"app.js","timestamp":"2025-05-18T02:05:29.293Z"}
{"level":"error","message":"error unexpected error","service":"app.js","timestamp":"2025-05-18T02:05:38.757Z"}
{"level":"error","message":"error unexpected error","service":"app.js","timestamp":"2025-05-18T02:05:42.962Z"}
{"level":"error","message":"error unexpected error","service":"app.js","timestamp":"2025-05-18T02:05:46.845Z"}
{"level":"error","message":"error unexpected error","service":"app.js","timestamp":"2025-05-18T02:05:50.379Z"}
{"level":"error","message":"error unexpected error","service":"app.js","timestamp":"2025-05-18T02:05:52.882Z"}
{"level":"error","message":"error unexpected error","service":"app.js","timestamp":"2025-05-18T02:05:55.361Z"}
{"level":"error","message":"error unexpected error","service":"app.js","timestamp":"2025-05-18T02:06:01.134Z"}
{"level":"error","message":"error unexpected error","service":"app.js","timestamp":"2025-05-18T02:06:04.729Z"}
{"level":"error","message":"error unexpected error","service":"app.js","timestamp":"2025-05-18T02:06:08.828Z"}
{"level":"error","message":"error unexpected error","service":"app.js","timestamp":"2025-05-18T02:06:39.310Z"}
{"level":"error","message":"error unexpected error","service":"app.js","timestamp":"2025-05-18T02:06:55.687Z"}
{"level":"error","message":"error unexpected error","service":"app.js","timestamp":"2025-05-18T02:07:00.493Z"}
{"level":"error","message":"error unexpected error","service":"app.js","timestamp":"2025-05-18T02:07:02.853Z"}
{"level":"error","message":"error unexpected error","service":"app.js","timestamp":"2025-05-18T02:07:05.526Z"}
{"level":"error","message":"error unexpected error","service":"app.js","timestamp":"2025-05-18T02:07:07.452Z"}
{"level":"error","message":"error unexpected error","service":"app.js","timestamp":"2025-05-18T02:07:09.408Z"}
{"level":"error","message":"error unexpected error","service":"app.js","timestamp":"2025-05-18T02:07:12.234Z"}
{"level":"error","message":"error unexpected error","service":"app.js","timestamp":"2025-05-18T02:07:14.168Z"}
{"level":"error","message":"error unexpected error","service":"app.js","timestamp":"2025-05-18T02:07:21.351Z"}
{"level":"error","message":"error unexpected error","service":"app.js","timestamp":"2025-05-18T02:07:22.641Z"}
{"level":"error","message":"error unexpected error","service":"app.js","timestamp":"2025-05-18T02:07:24.819Z"}
{"level":"error","message":"error unexpected error","service":"app.js","timestamp":"2025-05-18T02:07:28.567Z"}
{"level":"error","message":"error unexpected error","service":"app.js","timestamp":"2025-05-18T02:07:31.791Z"}
{"level":"error","message":"error unexpected error","service":"app.js","timestamp":"2025-05-18T02:07:33.663Z"}
{"level":"error","message":"error unexpected error","service":"app.js","timestamp":"2025-05-18T02:07:34.929Z"}
{"level":"error","message":"error unexpected error","service":"app.js","timestamp":"2025-05-18T02:07:47.815Z"}
{"level":"error","message":"error unexpected error","service":"app.js","timestamp":"2025-05-18T02:07:54.691Z"}
{"level":"error","message":"error unexpected error","service":"app.js","timestamp":"2025-05-18T02:07:56.594Z"}
{"level":"error","message":"error unexpected error","service":"app.js","timestamp":"2025-05-18T02:08:02.544Z"}
{"level":"error","message":"error unexpected error","service":"app.js","timestamp":"2025-05-18T02:08:10.722Z"}
{"level":"error","message":"error unexpected error","service":"app.js","timestamp":"2025-05-18T02:08:14.838Z"}
{"level":"error","message":"error unexpected error","service":"app.js","timestamp":"2025-05-18T02:08:16.843Z"}
{"level":"error","message":"error unexpected error","service":"app.js","timestamp":"2025-05-18T02:08:20.569Z"}
{"level":"error","message":"error unexpected error","service":"app.js","timestamp":"2025-05-18T02:08:23.800Z"}
{"level":"error","message":"error unexpected error","service":"app.js","timestamp":"2025-05-18T02:08:28.861Z"}
{"level":"error","message":"error unexpected error","service":"app.js","timestamp":"2025-05-18T02:08:30.528Z"}
{"level":"error","message":"error unexpected error","service":"app.js","timestamp":"2025-05-18T02:08:32.817Z"}
{"level":"error","message":"error unexpected error","service":"app.js","timestamp":"2025-05-18T02:08:41.940Z"}
{"level":"error","message":"error unexpected error","service":"app.js","timestamp":"2025-05-18T02:08:43.401Z"}
{"level":"error","message":"error unexpected error","service":"app.js","timestamp":"2025-05-18T02:08:53.271Z"}
{"level":"error","message":"error unexpected error","service":"app.js","timestamp":"2025-05-18T02:09:00.556Z"}
{"level":"error","message":"error unexpected error","service":"app.js","timestamp":"2025-05-18T02:09:02.895Z"}
{"level":"error","message":"error unexpected error","service":"app.js","timestamp":"2025-05-18T02:09:06.903Z"}
{"level":"error","message":"error unexpected error","service":"app.js","timestamp":"2025-05-18T02:09:11.203Z"}
{"level":"error","message":"error unexpected error","service":"app.js","timestamp":"2025-05-18T02:09:14.315Z"}
{"level":"error","message":"error unexpected error","service":"app.js","timestamp":"2025-05-18T02:09:28.336Z"}
{"level":"error","message":"error unexpected error","service":"app.js","timestamp":"2025-05-18T02:09:32.601Z"}
{"level":"error","message":"error unexpected error","service":"app.js","timestamp":"2025-05-18T02:10:13.333Z"}
{"level":"error","message":"error unexpected error","service":"app.js","timestamp":"2025-05-18T02:10:16.572Z"}
{"level":"error","message":"error unexpected error","service":"app.js","timestamp":"2025-05-18T02:10:25.013Z"}
{"level":"error","message":"error unexpected error","service":"app.js","timestamp":"2025-05-18T02:10:26.046Z"}
{"level":"error","message":"error unexpected error","service":"app.js","timestamp":"2025-05-18T02:10:32.393Z"}
{"level":"error","message":"error unexpected error","service":"app.js","timestamp":"2025-05-18T02:10:34.959Z"}
{"level":"error","message":"error unexpected error","service":"app.js","timestamp":"2025-05-18T02:10:36.470Z"}
{"level":"error","message":"error unexpected error","service":"app.js","timestamp":"2025-05-18T02:10:38.137Z"}
{"level":"error","message":"error unexpected error","service":"app.js","timestamp":"2025-05-18T02:10:39.903Z"}
{"level":"error","message":"error unexpected error","service":"app.js","timestamp":"2025-05-18T02:10:42.896Z"}
{"level":"error","message":"error unexpected error","service":"app.js","timestamp":"2025-05-18T02:10:47.555Z"}
{"level":"error","message":"error unexpected error","service":"app.js","timestamp":"2025-05-18T02:10:49.580Z"}
{"level":"error","message":"error unexpected error","service":"app.js","timestamp":"2025-05-18T02:10:53.822Z"}
{"level":"error","message":"error unexpected error","service":"app.js","timestamp":"2025-05-18T02:10:58.743Z"}
{"level":"error","message":"error unexpected error","service":"app.js","timestamp":"2025-05-18T02:11:07.146Z"}
{"level":"error","message":"error unexpected error","service":"app.js","timestamp":"2025-05-18T02:11:08.180Z"}
{"level":"error","message":"error unexpected error","service":"app.js","timestamp":"2025-05-18T02:11:10.450Z"}
{"level":"error","message":"error unexpected error","service":"app.js","timestamp":"2025-05-18T02:11:14.509Z"}
{"level":"error","message":"error unexpected error","service":"app.js","timestamp":"2025-05-18T02:11:16.357Z"}
{"level":"error","message":"error unexpected error","service":"app.js","timestamp":"2025-05-18T02:11:19.188Z"}
{"level":"error","message":"error unexpected error","service":"app.js","timestamp":"2025-05-18T02:11:20.954Z"}
{"level":"error","message":"error unexpected error","service":"app.js","timestamp":"2025-05-18T02:11:23.120Z"}
{"level":"error","message":"error unexpected error","service":"app.js","timestamp":"2025-05-18T02:11:31.163Z"}
{"level":"error","message":"error unexpected error","service":"app.js","timestamp":"2025-05-18T02:11:34.670Z"}
{"level":"error","message":"error unexpected error","service":"app.js","timestamp":"2025-05-18T02:11:36.607Z"}
{"level":"error","message":"error unexpected error","service":"app.js","timestamp":"2025-05-18T02:11:38.425Z"}
{"level":"error","message":"error unexpected error","service":"app.js","timestamp":"2025-05-18T02:11:40.242Z"}
{"level":"error","message":"error unexpected error","service":"app.js","timestamp":"2025-05-18T02:11:44.521Z"}
{"level":"error","message":"error unexpected error","service":"app.js","timestamp":"2025-05-18T02:11:48.168Z"}
{"level":"error","message":"error unexpected error","service":"app.js","timestamp":"2025-05-18T02:11:50.339Z"}
{"level":"error","message":"error unexpected error","service":"app.js","timestamp":"2025-05-18T02:11:52.122Z"}
{"level":"error","message":"error unexpected error","service":"app.js","timestamp":"2025-05-18T02:11:53.312Z"}
{"level":"error","message":"error unexpected error","service":"app.js","timestamp":"2025-05-18T02:11:54.402Z"}
{"level":"error","message":"error unexpected error","service":"app.js","timestamp":"2025-05-18T02:11:56.646Z"}
{"level":"error","message":"error unexpected error","service":"app.js","timestamp":"2025-05-18T02:12:41.990Z"}
{"level":"error","message":"error unexpected error","service":"app.js","timestamp":"2025-05-18T02:13:01.463Z"}
{"level":"error","message":"error unexpected error","service":"app.js","timestamp":"2025-05-18T02:13:02.278Z"}
{"level":"error","message":"error unexpected error","service":"app.js","timestamp":"2025-05-18T02:13:22.497Z"}
{"level":"error","message":"error unexpected error","service":"app.js","timestamp":"2025-05-18T02:13:25.769Z"}
{"level":"error","message":"error unexpected error","service":"app.js","timestamp":"2025-05-18T02:13:30.470Z"}
{"level":"error","message":"error unexpected error","service":"app.js","timestamp":"2025-05-18T02:13:33.240Z"}
{"level":"error","message":"error unexpected error","service":"app.js","timestamp":"2025-05-18T02:13:39.458Z"}
{"level":"error","message":"error unexpected error","service":"app.js","timestamp":"2025-05-18T02:13:44.370Z"}
{"level":"error","message":"error unexpected error","service":"app.js","timestamp":"2025-05-18T02:13:46.533Z"}
{"level":"error","message":"error unexpected error","service":"app.js","timestamp":"2025-05-18T02:14:44.401Z"}
{"level":"error","message":"error unexpected error","service":"app.js","timestamp":"2025-05-18T02:14:53.619Z"}
{"level":"error","message":"error unexpected error","service":"app.js","timestamp":"2025-05-18T02:14:55.917Z"}
{"level":"error","message":"error unexpected error","service":"app.js","timestamp":"2025-05-18T02:15:04.648Z"}
{"level":"error","message":"error unexpected error","service":"app.js","timestamp":"2025-05-18T02:15:16.424Z"}
{"level":"error","message":"error unexpected error","service":"app.js","timestamp":"2025-05-18T02:15:19.939Z"}
{"level":"error","message":"error unexpected error","service":"app.js","timestamp":"2025-05-18T02:15:37.612Z"}
{"level":"error","message":"error unexpected error","service":"app.js","timestamp":"2025-05-18T02:16:41.569Z"}
{"level":"error","message":"error unexpected error","service":"app.js","timestamp":"2025-05-18T02:16:49.153Z"}
{"level":"error","message":"error unexpected error","service":"app.js","timestamp":"2025-05-18T02:16:54.445Z"}
{"level":"error","message":"error unexpected error","service":"app.js","timestamp":"2025-05-18T02:16:58.980Z"}
{"level":"error","message":"error unexpected error","service":"app.js","timestamp":"2025-05-18T02:17:03.011Z"}
{"level":"error","message":"error unexpected error","service":"app.js","timestamp":"2025-05-18T02:17:07.125Z"}
{"level":"error","message":"error unexpected error","service":"app.js","timestamp":"2025-05-18T02:17:13.802Z"}
{"level":"error","message":"error unexpected error","service":"app.js","timestamp":"2025-05-18T02:17:16.869Z"}
{"level":"error","message":"error unexpected error","service":"app.js","timestamp":"2025-05-18T02:17:21.179Z"}
{"level":"error","message":"error unexpected error","service":"app.js","timestamp":"2025-05-18T02:17:33.023Z"}
{"level":"error","message":"error unexpected error","service":"app.js","timestamp":"2025-05-18T02:17:35.701Z"}
{"level":"error","message":"error unexpected error","service":"app.js","timestamp":"2025-05-18T02:17:37.052Z"}
{"level":"error","message":"error unexpected error","service":"app.js","timestamp":"2025-05-18T02:17:50.458Z"}
{"level":"error","message":"error unexpected error","service":"app.js","timestamp":"2025-05-18T02:18:05.640Z"}
{"level":"error","message":"error unexpected error","service":"app.js","timestamp":"2025-05-18T02:18:06.295Z"}
{"level":"error","message":"error unexpected error","service":"app.js","timestamp":"2025-05-18T02:18:29.133Z"}
{"level":"error","message":"error unexpected error","service":"app.js","timestamp":"2025-05-18T02:18:34.347Z"}
{"level":"error","message":"error unexpected error","service":"app.js","timestamp":"2025-05-18T02:18:35.795Z"}
{"level":"error","message":"error unexpected error","service":"app.js","timestamp":"2025-05-18T02:18:37.438Z"}
{"level":"error","message":"error unexpected error","service":"app.js","timestamp":"2025-05-18T02:18:40.229Z"}
{"level":"error","message":"error unexpected error","service":"app.js","timestamp":"2025-05-18T02:19:30.799Z"}
{"level":"error","message":"error unexpected error","service":"app.js","timestamp":"2025-05-18T02:19:31.899Z"}
{"level":"error","message":"error unexpected error","service":"app.js","timestamp":"2025-05-18T02:19:35.015Z"}
{"level":"error","message":"error unexpected error","service":"app.js","timestamp":"2025-05-18T02:19:36.379Z"}
{"level":"error","message":"error unexpected error","service":"app.js","timestamp":"2025-05-18T02:19:39.702Z"}
{"level":"error","message":"error unexpected error","service":"app.js","timestamp":"2025-05-18T02:19:41.189Z"}
{"level":"error","message":"error unexpected error","service":"app.js","timestamp":"2025-05-18T02:19:42.426Z"}
{"level":"error","message":"error unexpected error","service":"app.js","timestamp":"2025-05-18T02:19:44.465Z"}
{"level":"error","message":"error unexpected error","service":"app.js","timestamp":"2025-05-18T02:19:48.559Z"}
{"level":"error","message":"error unexpected error","service":"app.js","timestamp":"2025-05-18T02:19:56.868Z"}
{"level":"error","message":"error unexpected error","service":"app.js","timestamp":"2025-05-18T02:20:01.151Z"}
{"level":"error","message":"error unexpected error","service":"app.js","timestamp":"2025-05-18T02:20:03.441Z"}
{"level":"error","message":"error unexpected error","service":"app.js","timestamp":"2025-05-18T02:20:04.538Z"}
{"level":"error","message":"error unexpected error","service":"app.js","timestamp":"2025-05-18T02:20:08.505Z"}
{"level":"error","message":"error unexpected error","service":"app.js","timestamp":"2025-05-18T02:20:13.883Z"}
{"level":"error","message":"error unexpected error","service":"app.js","timestamp":"2025-05-18T02:20:15.748Z"}
{"level":"error","message":"error unexpected error","service":"app.js","timestamp":"2025-05-18T02:20:24.977Z"}
{"level":"error","message":"error unexpected error","service":"app.js","timestamp":"2025-05-18T02:20:37.659Z"}
{"level":"error","message":"error unexpected error","service":"app.js","timestamp":"2025-05-18T02:20:41.558Z"}
{"level":"error","message":"error unexpected error","service":"app.js","timestamp":"2025-05-18T02:20:59.169Z"}
{"level":"error","message":"error unexpected error","service":"app.js","timestamp":"2025-05-18T02:21:04.818Z"}
{"level":"error","message":"error unexpected error","service":"app.js","timestamp":"2025-05-18T02:21:08.619Z"}
{"level":"error","message":"error unexpected error","service":"app.js","timestamp":"2025-05-18T02:21:13.053Z"}
{"level":"error","message":"error unexpected error","service":"app.js","timestamp":"2025-05-18T02:21:23.433Z"}
{"level":"error","message":"error unexpected error","service":"app.js","timestamp":"2025-05-18T02:21:36.318Z"}
{"level":"error","message":"error unexpected error","service":"app.js","timestamp":"2025-05-18T02:21:42.102Z"}
{"level":"error","message":"error unexpected error","service":"app.js","timestamp":"2025-05-18T02:21:47.284Z"}
{"level":"error","message":"error unexpected error","service":"app.js","timestamp":"2025-05-18T02:22:01.704Z"}
{"level":"error","message":"error unexpected error","service":"app.js","timestamp":"2025-05-18T02:22:22.865Z"}
{"level":"error","message":"error unexpected error","service":"app.js","timestamp":"2025-05-18T02:22:25.742Z"}
{"level":"error","message":"error unexpected error","service":"app.js","timestamp":"2025-05-18T02:22:26.827Z"}
{"level":"error","message":"error unexpected error","service":"app.js","timestamp":"2025-05-18T02:22:29.412Z"}
{"level":"error","message":"error unexpected error","service":"app.js","timestamp":"2025-05-18T02:22:33.286Z"}
{"level":"error","message":"error unexpected error","service":"app.js","timestamp":"2025-05-18T02:22:35.027Z"}
{"level":"error","message":"error unexpected error","service":"app.js","timestamp":"2025-05-18T02:22:40.911Z"}
{"level":"error","message":"error unexpected error","service":"app.js","timestamp":"2025-05-18T02:22:47.625Z"}
{"level":"error","message":"error unexpected error","service":"app.js","timestamp":"2025-05-18T02:22:53.761Z"}
{"level":"error","message":"error unexpected error","service":"app.js","timestamp":"2025-05-18T02:22:56.580Z"}
{"level":"error","message":"error unexpected error","service":"app.js","timestamp":"2025-05-18T02:23:00.348Z"}
{"level":"error","message":"error unexpected error","service":"app.js","timestamp":"2025-05-18T02:23:09.757Z"}
{"level":"error","message":"error unexpected error","service":"app.js","timestamp":"2025-05-18T02:23:14.838Z"}
{"level":"error","message":"error unexpected error","service":"app.js","timestamp":"2025-05-18T02:23:15.837Z"}
{"level":"error","message":"error unexpected error","service":"app.js","timestamp":"2025-05-18T02:23:17.253Z"}
{"level":"error","message":"error unexpected error","service":"app.js","timestamp":"2025-05-18T02:23:22.452Z"}
{"level":"error","message":"error unexpected error","service":"app.js","timestamp":"2025-05-18T02:23:41.312Z"}
{"level":"error","message":"error unexpected error","service":"app.js","timestamp":"2025-05-18T02:23:45.812Z"}
{"level":"error","message":"error unexpected error","service":"app.js","timestamp":"2025-05-18T02:23:48.891Z"}
{"level":"error","message":"error unexpected error","service":"app.js","timestamp":"2025-05-18T02:23:54.434Z"}
{"level":"error","message":"error unexpected error","service":"app.js","timestamp":"2025-05-18T02:23:57.195Z"}
{"level":"error","message":"error unexpected error","service":"app.js","timestamp":"2025-05-18T02:24:00.966Z"}
{"level":"error","message":"error unexpected error","service":"app.js","timestamp":"2025-05-18T02:24:02.506Z"}
{"level":"error","message":"error unexpected error","service":"app.js","timestamp":"2025-05-18T02:24:05.240Z"}
{"level":"error","message":"error unexpected error","service":"app.js","timestamp":"2025-05-18T02:24:12.391Z"}
{"level":"error","message":"error unexpected error","service":"app.js","timestamp":"2025-05-18T02:24:14.591Z"}
{"level":"error","message":"error unexpected error","service":"app.js","timestamp":"2025-05-18T02:24:20.202Z"}
{"level":"error","message":"error unexpected error","service":"app.js","timestamp":"2025-05-18T02:24:21.672Z"}
{"level":"error","message":"error unexpected error","service":"app.js","timestamp":"2025-05-18T02:24:26.830Z"}
{"level":"error","message":"error unexpected error","service":"app.js","timestamp":"2025-05-18T02:24:29.285Z"}
{"level":"error","message":"error unexpected error","service":"app.js","timestamp":"2025-05-18T02:24:31.147Z"}
{"level":"error","message":"error unexpected error","service":"app.js","timestamp":"2025-05-18T02:24:38.695Z"}
{"level":"error","message":"error unexpected error","service":"app.js","timestamp":"2025-05-18T02:25:02.495Z"}
{"level":"error","message":"error unexpected error","service":"app.js","timestamp":"2025-05-18T02:25:07.391Z"}
{"level":"error","message":"error unexpected error","service":"app.js","timestamp":"2025-05-18T02:25:11.640Z"}
{"level":"error","message":"error unexpected error","service":"app.js","timestamp":"2025-05-18T02:25:12.853Z"}
{"level":"error","message":"error unexpected error","service":"app.js","timestamp":"2025-05-18T02:25:14.368Z"}
{"level":"error","message":"error unexpected error","service":"app.js","timestamp":"2025-05-18T02:25:20.454Z"}
{"level":"error","message":"error unexpected error","service":"app.js","timestamp":"2025-05-18T02:25:26.827Z"}
{"level":"error","message":"error unexpected error","service":"app.js","timestamp":"2025-05-18T02:25:29.352Z"}
{"level":"error","message":"error unexpected error","service":"app.js","timestamp":"2025-05-18T02:25:31.456Z"}
{"level":"error","message":"error unexpected error","service":"app.js","timestamp":"2025-05-18T02:25:37.074Z"}
{"level":"error","message":"error unexpected error","service":"app.js","timestamp":"2025-05-18T02:25:58.051Z"}
{"level":"error","message":"error unexpected error","service":"app.js","timestamp":"2025-05-18T02:26:00.675Z"}
{"level":"error","message":"error unexpected error","service":"app.js","timestamp":"2025-05-18T02:26:04.430Z"}
{"level":"error","message":"error unexpected error","service":"app.js","timestamp":"2025-05-18T02:26:10.881Z"}
{"level":"error","message":"error unexpected error","service":"app.js","timestamp":"2025-05-18T02:26:12.236Z"}
{"level":"error","message":"error unexpected error","service":"app.js","timestamp":"2025-05-18T02:26:22.319Z"}
{"level":"error","message":"error unexpected error","service":"app.js","timestamp":"2025-05-18T02:26:24.625Z"}
{"level":"error","message":"error unexpected error","service":"app.js","timestamp":"2025-05-18T02:26:25.900Z"}
{"level":"error","message":"error unexpected error","service":"app.js","timestamp":"2025-05-18T02:26:48.458Z"}
{"level":"error","message":"error unexpected error","service":"app.js","timestamp":"2025-05-18T02:26:58.346Z"}
{"level":"error","message":"error unexpected error","service":"app.js","timestamp":"2025-05-18T02:27:05.027Z"}
{"level":"error","message":"error unexpected error","service":"app.js","timestamp":"2025-05-18T02:27:06.206Z"}
{"level":"error","message":"error unexpected error","service":"app.js","timestamp":"2025-05-18T02:27:07.819Z"}
{"level":"error","message":"error unexpected error","service":"app.js","timestamp":"2025-05-18T02:27:40.397Z"}
{"level":"error","message":"error unexpected error","service":"app.js","timestamp":"2025-05-18T02:27:42.783Z"}
{"level":"error","message":"error unexpected error","service":"app.js","timestamp":"2025-05-18T02:28:06.495Z"}
{"level":"error","message":"error unexpected error","service":"app.js","timestamp":"2025-05-18T02:28:08.439Z"}
{"level":"error","message":"error unexpected error","service":"app.js","timestamp":"2025-05-18T02:28:09.591Z"}
{"level":"error","message":"error unexpected error","service":"app.js","timestamp":"2025-05-18T02:28:11.112Z"}
{"level":"error","message":"error unexpected error","service":"app.js","timestamp":"2025-05-18T02:28:16.318Z"}
{"level":"error","message":"error unexpected error","service":"app.js","timestamp":"2025-05-18T02:28:20.291Z"}
{"level":"error","message":"error unexpected error","service":"app.js","timestamp":"2025-05-18T02:28:21.998Z"}
{"level":"error","message":"error unexpected error","service":"app.js","timestamp":"2025-05-18T02:28:27.117Z"}
{"level":"error","message":"error unexpected error","service":"app.js","timestamp":"2025-05-18T02:28:33.555Z"}
{"level":"error","message":"error unexpected error","service":"app.js","timestamp":"2025-05-18T02:28:52.206Z"}
{"level":"error","message":"error unexpected error","service":"app.js","timestamp":"2025-05-18T02:28:58.542Z"}
{"level":"error","message":"error unexpected error","service":"app.js","timestamp":"2025-05-18T02:31:02.507Z"}
{"level":"error","message":"error unexpected error","service":"app.js","timestamp":"2025-05-18T02:31:13.097Z"}
{"level":"error","message":"error unexpected error","service":"app.js","timestamp":"2025-05-18T02:31:18.591Z"}
{"level":"error","message":"error unexpected error","service":"app.js","timestamp":"2025-05-18T02:31:26.621Z"}
{"level":"error","message":"error unexpected error","service":"app.js","timestamp":"2025-05-18T02:31:30.733Z"}
{"level":"error","message":"error unexpected error","service":"app.js","timestamp":"2025-05-18T02:31:35.120Z"}
{"level":"error","message":"error unexpected error","service":"app.js","timestamp":"2025-05-18T02:31:36.281Z"}
{"level":"error","message":"error unexpected error","service":"app.js","timestamp":"2025-05-18T02:31:37.595Z"}
{"level":"error","message":"error unexpected error","service":"app.js","timestamp":"2025-05-18T02:31:49.402Z"}
{"level":"error","message":"error unexpected error","service":"app.js","timestamp":"2025-05-18T02:31:51.072Z"}
{"level":"error","message":"error unexpected error","service":"app.js","timestamp":"2025-05-18T02:31:55.447Z"}
{"level":"error","message":"error unexpected error","service":"app.js","timestamp":"2025-05-18T02:32:00.227Z"}
{"level":"error","message":"error unexpected error","service":"app.js","timestamp":"2025-05-18T02:32:01.682Z"}
{"level":"error","message":"error unexpected error","service":"app.js","timestamp":"2025-05-18T02:32:03.211Z"}
{"level":"error","message":"error unexpected error","service":"app.js","timestamp":"2025-05-18T02:32:05.793Z"}
{"level":"error","message":"error unexpected error","service":"app.js","timestamp":"2025-05-18T02:32:08.764Z"}
{"level":"error","message":"error unexpected error","service":"app.js","timestamp":"2025-05-18T02:32:14.999Z"}
{"level":"error","message":"error unexpected error","service":"app.js","timestamp":"2025-05-18T02:32:16.311Z"}
{"level":"error","message":"error unexpected error","service":"app.js","timestamp":"2025-05-18T02:32:17.760Z"}
{"level":"error","message":"error unexpected error","service":"app.js","timestamp":"2025-05-18T02:32:19.666Z"}
{"level":"error","message":"error unexpected error","service":"app.js","timestamp":"2025-05-18T02:32:21.520Z"}
{"level":"error","message":"error unexpected error","service":"app.js","timestamp":"2025-05-18T02:32:23.606Z"}
{"level":"error","message":"error unexpected error","service":"app.js","timestamp":"2025-05-18T02:32:32.314Z"}
{"level":"error","message":"error unexpected error","service":"app.js","timestamp":"2025-05-18T02:32:36.725Z"}
{"level":"error","message":"error unexpected error","service":"app.js","timestamp":"2025-05-18T02:32:38.079Z"}
{"level":"error","message":"error unexpected error","service":"app.js","timestamp":"2025-05-18T02:32:44.397Z"}
{"level":"error","message":"error unexpected error","service":"app.js","timestamp":"2025-05-18T02:32:45.381Z"}
{"level":"error","message":"error unexpected error","service":"app.js","timestamp":"2025-05-18T02:33:06.228Z"}
{"level":"error","message":"error unexpected error","service":"app.js","timestamp":"2025-05-18T02:33:26.732Z"}
{"level":"error","message":"error unexpected error","service":"app.js","timestamp":"2025-05-18T02:33:28.547Z"}
{"level":"error","message":"error unexpected error","service":"app.js","timestamp":"2025-05-18T02:33:32.813Z"}
{"level":"error","message":"error unexpected error","service":"app.js","timestamp":"2025-05-18T02:33:36.828Z"}
{"level":"error","message":"error unexpected error","service":"app.js","timestamp":"2025-05-18T02:33:43.003Z"}
{"level":"error","message":"error unexpected error","service":"app.js","timestamp":"2025-05-18T02:33:44.627Z"}
{"level":"error","message":"error unexpected error","service":"app.js","timestamp":"2025-05-18T02:33:56.158Z"}
{"level":"error","message":"error unexpected error","service":"app.js","timestamp":"2025-05-18T02:34:06.906Z"}
{"level":"error","message":"error unexpected error","service":"app.js","timestamp":"2025-05-18T02:34:29.226Z"}
{"level":"error","message":"error unexpected error","service":"app.js","timestamp":"2025-05-18T02:34:32.112Z"}
{"level":"error","message":"error unexpected error","service":"app.js","timestamp":"2025-05-18T02:34:34.304Z"}
{"level":"error","message":"error unexpected error","service":"app.js","timestamp":"2025-05-18T02:34:37.652Z"}
{"level":"error","message":"error unexpected error","service":"app.js","timestamp":"2025-05-18T02:34:41.972Z"}
{"level":"error","message":"error unexpected error","service":"app.js","timestamp":"2025-05-18T02:34:43.193Z"}
{"level":"error","message":"error unexpected error","service":"app.js","timestamp":"2025-05-18T02:35:04.436Z"}
{"level":"error","message":"error unexpected error","service":"app.js","timestamp":"2025-05-18T02:35:06.255Z"}
{"level":"error","message":"error unexpected error","service":"app.js","timestamp":"2025-05-18T02:35:11.074Z"}
{"level":"error","message":"error unexpected error","service":"app.js","timestamp":"2025-05-18T02:35:29.016Z"}
{"level":"error","message":"error unexpected error","service":"app.js","timestamp":"2025-05-18T02:35:31.353Z"}
{"level":"error","message":"error unexpected error","service":"app.js","timestamp":"2025-05-18T02:35:56.496Z"}
{"level":"error","message":"error unexpected error","service":"app.js","timestamp":"2025-05-18T02:36:11.528Z"}
{"level":"error","message":"error unexpected error","service":"app.js","timestamp":"2025-05-18T02:36:52.370Z"}
{"level":"error","message":"error unexpected error","service":"app.js","timestamp":"2025-05-18T02:37:03.550Z"}
{"level":"error","message":"error unexpected error","service":"app.js","timestamp":"2025-05-18T02:37:11.140Z"}
{"level":"error","message":"error unexpected error","service":"app.js","timestamp":"2025-05-18T02:37:16.317Z"}
{"level":"error","message":"error unexpected error","service":"app.js","timestamp":"2025-05-18T02:37:32.608Z"}
{"level":"error","message":"error unexpected error","service":"app.js","timestamp":"2025-05-18T02:37:35.487Z"}
{"level":"error","message":"error unexpected error","service":"app.js","timestamp":"2025-05-18T02:37:43.938Z"}
{"level":"error","message":"error unexpected error","service":"app.js","timestamp":"2025-05-18T02:37:46.442Z"}
{"level":"error","message":"error unexpected error","service":"app.js","timestamp":"2025-05-18T02:37:49.210Z"}
{"level":"error","message":"error unexpected error","service":"app.js","timestamp":"2025-05-18T02:37:51.166Z"}
{"level":"error","message":"error unexpected error","service":"app.js","timestamp":"2025-05-18T02:37:54.446Z"}
{"level":"error","message":"error unexpected error","service":"app.js","timestamp":"2025-05-18T02:37:56.226Z"}
{"level":"error","message":"error unexpected error","service":"app.js","timestamp":"2025-05-18T02:37:57.450Z"}
{"level":"error","message":"error unexpected error","service":"app.js","timestamp":"2025-05-18T02:37:58.834Z"}
{"level":"error","message":"error unexpected error","service":"app.js","timestamp":"2025-05-18T02:38:02.215Z"}
{"level":"error","message":"error unexpected error","service":"app.js","timestamp":"2025-05-18T02:38:06.451Z"}
{"level":"error","message":"error unexpected error","service":"app.js","timestamp":"2025-05-18T02:38:16.118Z"}
{"level":"error","message":"error unexpected error","service":"app.js","timestamp":"2025-05-18T02:38:18.282Z"}
{"level":"error","message":"error unexpected error","service":"app.js","timestamp":"2025-05-18T02:38:27.919Z"}
{"level":"error","message":"error unexpected error","service":"app.js","timestamp":"2025-05-18T02:38:29.827Z"}
{"level":"error","message":"error unexpected error","service":"app.js","timestamp":"2025-05-18T02:38:32.385Z"}
{"level":"error","message":"error unexpected error","service":"app.js","timestamp":"2025-05-18T02:38:35.663Z"}
{"level":"error","message":"error unexpected error","service":"app.js","timestamp":"2025-05-18T02:38:54.605Z"}
{"level":"error","message":"error unexpected error","service":"app.js","timestamp":"2025-05-18T02:38:55.567Z"}
{"level":"error","message":"error unexpected error","service":"app.js","timestamp":"2025-05-18T02:38:57.075Z"}
{"level":"error","message":"error unexpected error","service":"app.js","timestamp":"2025-05-18T02:38:59.368Z"}
{"level":"error","message":"error unexpected error","service":"app.js","timestamp":"2025-05-18T02:39:07.251Z"}
{"level":"error","message":"error unexpected error","service":"app.js","timestamp":"2025-05-18T02:39:10.832Z"}
{"level":"error","message":"error unexpected error","service":"app.js","timestamp":"2025-05-18T02:39:22.445Z"}
{"level":"error","message":"error unexpected error","service":"app.js","timestamp":"2025-05-18T02:39:26.756Z"}
{"level":"error","message":"error unexpected error","service":"app.js","timestamp":"2025-05-18T02:39:38.850Z"}
{"level":"error","message":"error unexpected error","service":"app.js","timestamp":"2025-05-18T02:40:00.712Z"}
{"level":"error","message":"error unexpected error","service":"app.js","timestamp":"2025-05-18T02:40:05.931Z"}
{"level":"error","message":"error unexpected error","service":"app.js","timestamp":"2025-05-18T02:40:09.416Z"}
{"level":"error","message":"error unexpected error","service":"app.js","timestamp":"2025-05-18T02:40:11.609Z"}
{"level":"error","message":"error unexpected error","service":"app.js","timestamp":"2025-05-18T02:40:40.695Z"}
{"level":"error","message":"error unexpected error","service":"app.js","timestamp":"2025-05-18T02:40:56.511Z"}
{"level":"error","message":"error unexpected error","service":"app.js","timestamp":"2025-05-18T02:40:58.840Z"}
{"level":"error","message":"error unexpected error","service":"app.js","timestamp":"2025-05-18T02:41:02.437Z"}
{"level":"error","message":"error unexpected error","service":"app.js","timestamp":"2025-05-18T02:41:07.102Z"}
{"level":"error","message":"error unexpected error","service":"app.js","timestamp":"2025-05-18T02:41:12.377Z"}
{"level":"error","message":"error unexpected error","service":"app.js","timestamp":"2025-05-18T02:41:16.962Z"}
{"level":"error","message":"error unexpected error","service":"app.js","timestamp":"2025-05-18T02:41:20.207Z"}
{"level":"error","message":"error unexpected error","service":"app.js","timestamp":"2025-05-18T02:42:53.187Z"}
{"level":"error","message":"error unexpected error","service":"app.js","timestamp":"2025-05-18T02:43:00.710Z"}
{"level":"error","message":"error unexpected error","service":"app.js","timestamp":"2025-05-18T02:43:02.027Z"}
{"level":"error","message":"error unexpected error","service":"app.js","timestamp":"2025-05-18T02:43:23.870Z"}
{"level":"error","message":"error unexpected error","service":"app.js","timestamp":"2025-05-18T02:43:28.403Z"}
{"level":"error","message":"error unexpected error","service":"app.js","timestamp":"2025-05-18T02:43:37.602Z"}
{"level":"error","message":"error unexpected error","service":"app.js","timestamp":"2025-05-18T02:43:40.201Z"}
{"level":"error","message":"error unexpected error","service":"app.js","timestamp":"2025-05-18T02:43:52.033Z"}
{"level":"error","message":"error unexpected error","service":"app.js","timestamp":"2025-05-18T02:44:00.848Z"}
{"level":"error","message":"error unexpected error","service":"app.js","timestamp":"2025-05-18T02:44:14.650Z"}
{"level":"error","message":"error unexpected error","service":"app.js","timestamp":"2025-05-18T02:44:17.173Z"}
{"level":"error","message":"error unexpected error","service":"app.js","timestamp":"2025-05-18T02:44:24.964Z"}
{"level":"error","message":"error unexpected error","service":"app.js","timestamp":"2025-05-18T02:44:31.838Z"}
{"level":"error","message":"error unexpected error","service":"app.js","timestamp":"2025-05-18T02:44:33.413Z"}
{"level":"error","message":"error unexpected error","service":"app.js","timestamp":"2025-05-18T02:44:35.431Z"}
{"level":"error","message":"error unexpected error","service":"app.js","timestamp":"2025-05-18T02:44:42.964Z"}
{"level":"error","message":"error unexpected error","service":"app.js","timestamp":"2025-05-18T02:44:50.610Z"}
{"level":"error","message":"error unexpected error","service":"app.js","timestamp":"2025-05-18T02:44:53.351Z"}
{"level":"error","message":"error unexpected error","service":"app.js","timestamp":"2025-05-18T02:45:27.539Z"}
{"level":"error","message":"error unexpected error","service":"app.js","timestamp":"2025-05-18T02:45:35.929Z"}
{"level":"error","message":"error unexpected error","service":"app.js","timestamp":"2025-05-18T02:45:39.933Z"}
{"level":"error","message":"error unexpected error","service":"app.js","timestamp":"2025-05-18T02:45:41.918Z"}
{"level":"error","message":"error unexpected error","service":"app.js","timestamp":"2025-05-18T02:46:36.665Z"}
{"level":"error","message":"error unexpected error","service":"app.js","timestamp":"2025-05-18T02:46:46.315Z"}
{"level":"error","message":"error unexpected error","service":"app.js","timestamp":"2025-05-18T02:46:56.035Z"}
{"level":"error","message":"error unexpected error","service":"app.js","timestamp":"2025-05-18T02:46:58.451Z"}
{"level":"error","message":"error unexpected error","service":"app.js","timestamp":"2025-05-18T02:47:02.645Z"}
{"level":"error","message":"error unexpected error","service":"app.js","timestamp":"2025-05-18T02:48:12.732Z"}
{"level":"error","message":"error unexpected error","service":"app.js","timestamp":"2025-05-18T02:48:26.090Z"}
{"level":"error","message":"error unexpected error","service":"app.js","timestamp":"2025-05-18T02:48:29.695Z"}
{"level":"error","message":"error unexpected error","service":"app.js","timestamp":"2025-05-18T02:48:33.021Z"}
{"level":"error","message":"error unexpected error","service":"app.js","timestamp":"2025-05-18T02:48:39.096Z"}
{"level":"error","message":"error unexpected error","service":"app.js","timestamp":"2025-05-18T02:49:00.491Z"}
{"level":"error","message":"error unexpected error","service":"app.js","timestamp":"2025-05-18T02:49:08.174Z"}
{"level":"error","message":"error unexpected error","service":"app.js","timestamp":"2025-05-18T02:49:14.250Z"}
{"level":"error","message":"error unexpected error","service":"app.js","timestamp":"2025-05-18T02:49:21.154Z"}
{"level":"error","message":"error unexpected error","service":"app.js","timestamp":"2025-05-18T02:49:48.493Z"}
{"level":"error","message":"error unexpected error","service":"app.js","timestamp":"2025-05-18T02:49:54.826Z"}
{"level":"error","message":"error test message","service":"user-service","timestamp":"2025-05-28T03:54:02.195Z"}
{"level":"error","message":"error test message","service":"user-service","timestamp":"2025-05-28T03:54:22.184Z"}
{"level":"error","message":"error test message","service":"user-service","timestamp":"2025-05-28T03:54:24.614Z"}
{"level":"error","message":"error test message","service":"user-service","timestamp":"2025-05-28T03:55:46.138Z"}
{"level":"error","message":"error test message","service":"user-service","timestamp":"2025-05-28T03:56:17.164Z"}
{"level":"error","message":"error test message","service":"user-service","timestamp":"2025-05-28T03:56:21.276Z"}
{"level":"error","message":"error test message","service":"user-service","timestamp":"2025-05-28T03:56:46.422Z"}
{"level":"error","message":"error test message","service":"user-service","timestamp":"2025-05-28T03:56:54.260Z"}
{"level":"error","message":"error test message","service":"user-service","timestamp":"2025-05-28T03:57:28.112Z"}
{"level":"error","message":"error test message","service":"user-service","timestamp":"2025-05-28T03:57:48.610Z"}
{"level":"error","message":"error test message","service":"user-service","timestamp":"2025-05-28T03:57:58.066Z"}
{"level":"error","message":"error test message","service":"user-service","timestamp":"2025-05-28T03:59:32.369Z"}
